<?xml version="1.0" encoding="UTF-8"?>
<!-- Generated by org.testng.reporters.JUnitReportReporter -->
<testsuite skipped="0" hostname="VPEG01B004455" name="com.pge.application.test.TAMI_QuickSearch_ColdWeatherAlertsPGE_Test" tests="1" failures="0" timestamp="2023-06-30T14:26:41 IST" time="230.984" errors="0">
  <testcase name="functionalTest" time="230.984" classname="com.pge.application.test.TAMI_QuickSearch_ColdWeatherAlertsPGE_Test"/>
  <system-out/>
</testsuite> <!-- com.pge.application.test.TAMI_QuickSearch_ColdWeatherAlertsPGE_Test -->
