<?xml version="1.0" encoding="UTF-8"?>
<!-- Generated by org.testng.reporters.JUnitReportReporter -->
<testsuite skipped="0" hostname="VPEG01B004455" name="com.pge.application.test.GDGTGIS_1487_TC_02_266_VerifyClickZoomOutBoxButtonUserRectangleMapZoomInOneViewer_Test" tests="1" failures="0" timestamp="2022-11-02T17:39:44 IST" time="65.278" errors="0">
  <testcase name="FunctionalTest" time="65.278" classname="com.pge.application.test.GDGTGIS_1487_TC_02_266_VerifyClickZoomOutBoxButtonUserRectangleMapZoomInOneViewer_Test"/>
  <system-out/>
</testsuite> <!-- com.pge.application.test.GDGTGIS_1487_TC_02_266_VerifyClickZoomOutBoxButtonUserRectangleMapZoomInOneViewer_Test -->
