<?xml version="1.0" encoding="UTF-8"?>
<!-- Generated by org.testng.reporters.JUnitReportReporter -->
<testsuite skipped="0" hostname="VPEG01B004455" name="com.pge.application.test.TAMI_LayerValidation_PipelineSegmentsbyClass_Test" tests="1" failures="0" timestamp="2024-01-30T13:20:58 IST" time="289.491" errors="0">
  <testcase name="functionalTest" time="289.491" classname="com.pge.application.test.TAMI_LayerValidation_PipelineSegmentsbyClass_Test"/>
  <system-out/>
</testsuite> <!-- com.pge.application.test.TAMI_LayerValidation_PipelineSegmentsbyClass_Test -->
