<?xml version="1.0" encoding="UTF-8"?>
<!-- Generated by org.testng.reporters.JUnitReportReporter -->
<testsuite skipped="0" hostname="VPEG01B004455" name="com.pge.application.test.TAMI_LayerValidation_FieldOrdersNormal_Test" tests="1" failures="0" timestamp="2024-01-26T22:18:43 IST" time="307.614" errors="0">
  <testcase name="functionalTest" time="307.614" classname="com.pge.application.test.TAMI_LayerValidation_FieldOrdersNormal_Test"/>
  <system-out/>
</testsuite> <!-- com.pge.application.test.TAMI_LayerValidation_FieldOrdersNormal_Test -->
