<?xml version="1.0" encoding="UTF-8"?>
<!-- Generated by org.testng.reporters.JUnitReportReporter -->
<testsuite skipped="0" hostname="VPEG01B004455" name="com.pge.application.test.GDGTGIS_1636_TC_01_1420_VerifyDeleteBookmark_Test" tests="1" failures="0" timestamp="2022-09-21T15:12:37 IST" time="47.160" errors="0">
  <testcase name="VerifyDeleteBookmark_Test" time="47.160" classname="com.pge.application.test.GDGTGIS_1636_TC_01_1420_VerifyDeleteBookmark_Test"/>
  <system-out/>
</testsuite> <!-- com.pge.application.test.GDGTGIS_1636_TC_01_1420_VerifyDeleteBookmark_Test -->
