<?xml version="1.0" encoding="UTF-8"?>
<!-- Generated by org.testng.reporters.JUnitReportReporter -->
<testsuite skipped="0" hostname="VPEG01B004455" name="com.pge.application.test.TAMI_QuickSearch_PublicServicesLandmarks_Test" tests="1" failures="0" timestamp="2023-07-10T17:41:32 IST" time="238.116" errors="0">
  <testcase name="functionalTest" time="238.116" classname="com.pge.application.test.TAMI_QuickSearch_PublicServicesLandmarks_Test"/>
  <system-out/>
</testsuite> <!-- com.pge.application.test.TAMI_QuickSearch_PublicServicesLandmarks_Test -->
