<?xml version="1.0" encoding="UTF-8"?>
<!-- Generated by org.testng.reporters.JUnitReportReporter -->
<testsuite skipped="0" hostname="VPEG01B004455" name="com.pge.application.test.TAMI_QuickSearch_HydroFORM_Test" tests="1" failures="0" timestamp="2023-05-23T22:48:11 IST" time="175.239" errors="0">
  <testcase name="functionalTest" time="175.239" classname="com.pge.application.test.TAMI_QuickSearch_HydroFORM_Test"/>
  <system-out/>
</testsuite> <!-- com.pge.application.test.TAMI_QuickSearch_HydroFORM_Test -->
