<?xml version="1.0" encoding="UTF-8"?>
<!-- Generated by org.testng.reporters.JUnitReportReporter -->
<testsuite skipped="0" hostname="VPEG01B004455" name="com.pge.application.test.TAMI_Tools_Buffer_Test" tests="1" failures="0" timestamp="2024-02-02T12:08:10 IST" time="260.905" errors="0">
  <testcase name="functionalTest" time="260.905" classname="com.pge.application.test.TAMI_Tools_Buffer_Test"/>
  <system-out/>
</testsuite> <!-- com.pge.application.test.TAMI_Tools_Buffer_Test -->
