<?xml version="1.0" encoding="UTF-8"?>
<!-- Generated by org.testng.reporters.JUnitReportReporter -->
<testsuite skipped="0" hostname="VPEG01B004455" name="com.pge.application.test.TAMI_QuickSearch_FieldOrdersNormal_Test" tests="1" failures="0" timestamp="2024-01-07T14:03:11 IST" time="399.847" errors="0">
  <testcase name="functionalTest" time="399.847" classname="com.pge.application.test.TAMI_QuickSearch_FieldOrdersNormal_Test"/>
  <system-out/>
</testsuite> <!-- com.pge.application.test.TAMI_QuickSearch_FieldOrdersNormal_Test -->
