<?xml version="1.0" encoding="UTF-8"?>
<!-- Generated by org.testng.reporters.JUnitReportReporter -->
<testsuite skipped="0" hostname="VPEG01B004455" name="com.pge.application.test.TAMI_QuickSearch_VIIRS48Hrs_Test" tests="1" failures="0" timestamp="2023-07-07T15:45:34 IST" time="292.527" errors="0">
  <testcase name="functionalTest" time="292.527" classname="com.pge.application.test.TAMI_QuickSearch_VIIRS48Hrs_Test"/>
  <system-out/>
</testsuite> <!-- com.pge.application.test.TAMI_QuickSearch_VIIRS48Hrs_Test -->
