<?xml version="1.0" encoding="UTF-8"?>
<!-- Generated by org.testng.reporters.JUnitReportReporter -->
<testsuite skipped="0" hostname="VPEG01B004455" name="com.pge.application.test.GDGTGIS_1393_TC_03_969_FuncMeasureToolsLocationButtonValidation_Test" tests="1" failures="0" timestamp="2022-12-16T20:13:33 IST" time="143.169" errors="0">
  <testcase name="FuncMeasureToolsLocationButtonValidation" time="143.169" classname="com.pge.application.test.GDGTGIS_1393_TC_03_969_FuncMeasureToolsLocationButtonValidation_Test"/>
  <system-out/>
</testsuite> <!-- com.pge.application.test.GDGTGIS_1393_TC_03_969_FuncMeasureToolsLocationButtonValidation_Test -->
