<?xml version="1.0" encoding="UTF-8"?>
<!-- Generated by org.testng.reporters.JUnitReportReporter -->
<testsuite skipped="0" hostname="VPEG01B004455" name="com.pge.application.test.GDGTGIS_1688_TC_01_1234_Func_MapMarkup7iconButton_FunctionalImplementationDrawDifferentGraphics_Test" tests="1" failures="0" timestamp="2022-12-20T14:12:30 IST" time="195.060" errors="0">
  <testcase name="Func_MapMarkup_AddColorPickerFunctionality_Test" time="195.060" classname="com.pge.application.test.GDGTGIS_1688_TC_01_1234_Func_MapMarkup7iconButton_FunctionalImplementationDrawDifferentGraphics_Test"/>
  <system-out/>
</testsuite> <!-- com.pge.application.test.GDGTGIS_1688_TC_01_1234_Func_MapMarkup7iconButton_FunctionalImplementationDrawDifferentGraphics_Test -->
