<?xml version="1.0" encoding="UTF-8"?>
<!-- Generated by org.testng.reporters.JUnitReportReporter -->
<testsuite skipped="0" hostname="VPEG01B004455" name="com.pge.application.test.TC03_GDGT_Func_measure_tool" tests="1" failures="0" timestamp="2022-09-13T18:14:01 IST" time="179.002" errors="0">
  <testcase name="TC03_GDGT_Func_Measure_tool" time="179.002" classname="com.pge.application.test.TC03_GDGT_Func_measure_tool"/>
  <system-out/>
</testsuite> <!-- com.pge.application.test.TC03_GDGT_Func_measure_tool -->
