<?xml version="1.0" encoding="UTF-8"?>
<!-- Generated by org.testng.reporters.JUnitReportReporter -->
<testsuite skipped="0" hostname="VPEG01B004455" name="com.pge.application.test.GDGTGIS_1715_TC_01_231_Func_LocatingFeaturesAdvancedSearchCreateUpdateUI_Test" tests="1" failures="0" timestamp="2022-12-22T19:07:15 IST" time="44.243" errors="0">
  <testcase name="FunctionalTest" time="44.243" classname="com.pge.application.test.GDGTGIS_1715_TC_01_231_Func_LocatingFeaturesAdvancedSearchCreateUpdateUI_Test"/>
  <system-out/>
</testsuite> <!-- com.pge.application.test.GDGTGIS_1715_TC_01_231_Func_LocatingFeaturesAdvancedSearchCreateUpdateUI_Test -->
