<?xml version="1.0" encoding="UTF-8"?>
<!-- Generated by org.testng.reporters.JUnitReportReporter -->
<testsuite skipped="0" hostname="VPEG01B004455" name="com.pge.application.test.TAMI_LayerValidation_ActiveWildfire_Test" tests="1" failures="0" timestamp="2023-11-21T19:22:04 IST" time="287.624" errors="0">
  <testcase name="functionalTest" time="287.624" classname="com.pge.application.test.TAMI_LayerValidation_ActiveWildfire_Test"/>
  <system-out/>
</testsuite> <!-- com.pge.application.test.TAMI_LayerValidation_ActiveWildfire_Test -->
