<?xml version="1.0" encoding="UTF-8"?>
<!-- Generated by org.testng.reporters.JUnitReportReporter -->
<testsuite skipped="0" hostname="VPEG01B004455" name="com.pge.application.test.TAMI_Tools_Profile_Test" tests="1" failures="0" timestamp="2024-01-25T12:56:05 IST" time="128.959" errors="0">
  <testcase name="functionalTest" time="128.959" classname="com.pge.application.test.TAMI_Tools_Profile_Test"/>
  <system-out/>
</testsuite> <!-- com.pge.application.test.TAMI_Tools_Profile_Test -->
