<?xml version="1.0" encoding="UTF-8"?>
<!-- Generated by org.testng.reporters.JUnitReportReporter -->
<testsuite skipped="0" hostname="VPEG01B004455" name="com.pge.application.test.TAMI_QuickSearch_GTClearanceArchivePolygons_Test" tests="1" failures="0" timestamp="2024-01-11T20:11:22 IST" time="195.484" errors="0">
  <testcase name="functionalTest" time="195.484" classname="com.pge.application.test.TAMI_QuickSearch_GTClearanceArchivePolygons_Test"/>
  <system-out/>
</testsuite> <!-- com.pge.application.test.TAMI_QuickSearch_GTClearanceArchivePolygons_Test -->
