<?xml version="1.0" encoding="UTF-8"?>
<!-- Generated by org.testng.reporters.JUnitReportReporter -->
<testsuite skipped="0" hostname="VPEG01B004455" name="com.pge.application.test.TAMI_QuickSearch_ETGIS_Test" tests="1" failures="0" timestamp="2023-12-12T23:20:16 IST" time="334.498" errors="0">
  <testcase name="functionalTest" time="334.498" classname="com.pge.application.test.TAMI_QuickSearch_ETGIS_Test"/>
  <system-out/>
</testsuite> <!-- com.pge.application.test.TAMI_QuickSearch_ETGIS_Test -->
