<?xml version="1.0" encoding="UTF-8"?>
<!-- Generated by org.testng.reporters.JUnitReportReporter -->
<testsuite skipped="0" hostname="VPEG01B004455" name="com.pge.application.test.TAMI_LayerValidation_ElectricOutages_Test" tests="1" failures="0" timestamp="2023-08-07T16:39:37 IST" time="273.659" errors="0">
  <testcase name="functionalTest" time="273.659" classname="com.pge.application.test.TAMI_LayerValidation_ElectricOutages_Test"/>
  <system-out/>
</testsuite> <!-- com.pge.application.test.TAMI_LayerValidation_ElectricOutages_Test -->
