<?xml version="1.0" encoding="UTF-8"?>
<!-- Generated by org.testng.reporters.JUnitReportReporter -->
<testsuite skipped="0" hostname="VPEG01B004455" name="com.pge.application.test.TAMI_Tools_Support_Test" tests="1" failures="0" timestamp="2023-11-23T14:14:30 IST" time="442.035" errors="0">
  <testcase name="functionalTest" time="442.035" classname="com.pge.application.test.TAMI_Tools_Support_Test"/>
  <system-out/>
</testsuite> <!-- com.pge.application.test.TAMI_Tools_Support_Test -->
