<?xml version="1.0" encoding="UTF-8"?>
<!-- Generated by org.testng.reporters.JUnitReportReporter -->
<testsuite skipped="0" hostname="VPEG01B004455" name="com.pge.application.test.TAMI_Tools_DistanceUnit_Test" tests="1" failures="0" timestamp="2024-01-26T17:20:12 IST" time="157.235" errors="0">
  <testcase name="functionalTest" time="157.235" classname="com.pge.application.test.TAMI_Tools_DistanceUnit_Test"/>
  <system-out/>
</testsuite> <!-- com.pge.application.test.TAMI_Tools_DistanceUnit_Test -->
