<?xml version="1.0" encoding="UTF-8"?>
<!-- Generated by org.testng.reporters.JUnitReportReporter -->
<testsuite skipped="0" hostname="VPEG01B004455" name="com.pge.application.test.TAMI_QuickSearch_FireDangerForecastDay2_Test" tests="1" failures="0" timestamp="2023-05-08T18:55:32 IST" time="168.019" errors="0">
  <testcase name="functionalTest" time="168.019" classname="com.pge.application.test.TAMI_QuickSearch_FireDangerForecastDay2_Test"/>
  <system-out/>
</testsuite> <!-- com.pge.application.test.TAMI_QuickSearch_FireDangerForecastDay2_Test -->
