<?xml version="1.0" encoding="UTF-8"?>
<!-- Generated by org.testng.reporters.JUnitReportReporter -->
<testsuite skipped="0" hostname="VPEG01B004455" name="com.pge.application.test.TAMI_LayerValidation_GDGISBoundaryFeatures_Test" tests="1" failures="0" timestamp="2023-08-02T15:21:25 IST" time="258.567" errors="0">
  <testcase name="functionalTest" time="258.567" classname="com.pge.application.test.TAMI_LayerValidation_GDGISBoundaryFeatures_Test"/>
  <system-out/>
</testsuite> <!-- com.pge.application.test.TAMI_LayerValidation_GDGISBoundaryFeatures_Test -->
