<?xml version="1.0" encoding="UTF-8"?>
<!-- Generated by org.testng.reporters.JUnitReportReporter -->
<testsuite skipped="0" hostname="VPEG01B004455" name="com.pge.application.test.TAMI_QuickSearch_GTClearanceFlagsActivePolygons_Test" tests="1" failures="0" timestamp="2024-01-11T21:05:22 IST" time="348.810" errors="0">
  <testcase name="functionalTest" time="348.810" classname="com.pge.application.test.TAMI_QuickSearch_GTClearanceFlagsActivePolygons_Test"/>
  <system-out/>
</testsuite> <!-- com.pge.application.test.TAMI_QuickSearch_GTClearanceFlagsActivePolygons_Test -->
