<?xml version="1.0" encoding="UTF-8"?>
<!-- Generated by org.testng.reporters.JUnitReportReporter -->
<testsuite skipped="0" hostname="VPEG01B004455" name="com.pge.application.test.TAMI_QuickSearch_EarthquakesShakemap_Test" tests="1" failures="0" timestamp="2024-01-07T13:17:03 IST" time="309.398" errors="0">
  <testcase name="functionalTest" time="309.398" classname="com.pge.application.test.TAMI_QuickSearch_EarthquakesShakemap_Test"/>
  <system-out/>
</testsuite> <!-- com.pge.application.test.TAMI_QuickSearch_EarthquakesShakemap_Test -->
