<?xml version="1.0" encoding="UTF-8"?>
<!-- Generated by org.testng.reporters.JUnitReportReporter -->
<testsuite skipped="0" hostname="VPEG01B004455" name="com.pge.application.test.TAMI_QuickSearch_Grade1LeaksHistory_Test" tests="1" failures="0" timestamp="2023-04-18T17:52:01 IST" time="153.676" errors="0">
  <testcase name="functionalTest" time="153.676" classname="com.pge.application.test.TAMI_QuickSearch_Grade1LeaksHistory_Test"/>
  <system-out/>
</testsuite> <!-- com.pge.application.test.TAMI_QuickSearch_Grade1LeaksHistory_Test -->
