<?xml version="1.0" encoding="UTF-8"?>
<!-- Generated by org.testng.reporters.JUnitReportReporter -->
<testsuite skipped="0" hostname="VPEG01B004455" name="com.pge.application.test.TAMI_QuickSearch_PSPSEvents_Test" tests="1" failures="0" timestamp="2023-07-10T17:22:48 IST" time="250.095" errors="0">
  <testcase name="functionalTest" time="250.095" classname="com.pge.application.test.TAMI_QuickSearch_PSPSEvents_Test"/>
  <system-out/>
</testsuite> <!-- com.pge.application.test.TAMI_QuickSearch_PSPSEvents_Test -->
