<?xml version="1.0" encoding="UTF-8"?>
<!-- Generated by org.testng.reporters.JUnitReportReporter -->
<testsuite skipped="0" hostname="VPEG01B004455" name="com.pge.application.test.TAMI_LayerValidation_Overpressureevents_Test" tests="1" failures="0" timestamp="2024-02-07T11:00:19 IST" time="129.012" errors="0">
  <testcase name="functionalTest" time="129.012" classname="com.pge.application.test.TAMI_LayerValidation_Overpressureevents_Test"/>
  <system-out/>
</testsuite> <!-- com.pge.application.test.TAMI_LayerValidation_Overpressureevents_Test -->
