<?xml version="1.0" encoding="UTF-8"?>
<!-- Generated by org.testng.reporters.JUnitReportReporter -->
<testsuite skipped="0" hostname="VPEG01B004455" name="com.pge.application.test.TAMI_LayerValidation_WindGustsNOAA_Test" tests="1" failures="0" timestamp="2024-01-30T12:22:20 IST" time="379.535" errors="0">
  <testcase name="functionalTest" time="379.535" classname="com.pge.application.test.TAMI_LayerValidation_WindGustsNOAA_Test"/>
  <system-out/>
</testsuite> <!-- com.pge.application.test.TAMI_LayerValidation_WindGustsNOAA_Test -->
