<?xml version="1.0" encoding="UTF-8"?>
<!-- Generated by org.testng.reporters.JUnitReportReporter -->
<testsuite skipped="0" hostname="VPEG01B004455" name="com.pge.application.test.GDGTGIS_1660_TC_01_1231_Func_MapMarkup_AddColorPickerFunctionality_Test" tests="1" failures="0" timestamp="2022-12-04T23:25:54 IST" time="66.297" errors="0">
  <testcase name="Func_MapMarkup_AddColorPickerFunctionality_Test" time="66.297" classname="com.pge.application.test.GDGTGIS_1660_TC_01_1231_Func_MapMarkup_AddColorPickerFunctionality_Test"/>
  <system-out/>
</testsuite> <!-- com.pge.application.test.GDGTGIS_1660_TC_01_1231_Func_MapMarkup_AddColorPickerFunctionality_Test -->
