<?xml version="1.0" encoding="UTF-8"?>
<!-- Generated by org.testng.reporters.JUnitReportReporter -->
<testsuite skipped="0" hostname="VPEG01B004455" name="com.pge.application.test.GDGTGIS_1528_TC_01_863_FuncNavigationControlPanePreviousExtent_Test" tests="1" failures="0" timestamp="2022-12-13T23:17:04 IST" time="58.669" errors="0">
  <testcase name="FuncNavigationControlPanePreviousExtent_Test" time="58.669" classname="com.pge.application.test.GDGTGIS_1528_TC_01_863_FuncNavigationControlPanePreviousExtent_Test"/>
  <system-out/>
</testsuite> <!-- com.pge.application.test.GDGTGIS_1528_TC_01_863_FuncNavigationControlPanePreviousExtent_Test -->
