<?xml version="1.0" encoding="UTF-8"?>
<!-- Generated by org.testng.reporters.JUnitReportReporter -->
<testsuite skipped="0" hostname="VPEG01B004455" name="com.pge.application.test.GDGTGIS_1540_TC_01_1059_1061_Func_StreetViewCreateUpdateUIImplement_Test" tests="1" failures="0" timestamp="2022-12-05T17:27:29 IST" time="172.650" errors="0">
  <testcase name="FunctionalTest" time="172.650" classname="com.pge.application.test.GDGTGIS_1540_TC_01_1059_1061_Func_StreetViewCreateUpdateUIImplement_Test"/>
  <system-out/>
</testsuite> <!-- com.pge.application.test.GDGTGIS_1540_TC_01_1059_1061_Func_StreetViewCreateUpdateUIImplement_Test -->
