<?xml version="1.0" encoding="UTF-8"?>
<!-- Generated by org.testng.reporters.JUnitReportReporter -->
<testsuite skipped="0" hostname="VPEG01B004455" name="com.pge.application.test.GDGTGIS_1636_TC_01_1419_VerifyCreateBookmarkAndNavigateBookmarkedLocation_Test" tests="1" failures="0" timestamp="2022-09-22T18:47:41 IST" time="112.198" errors="0">
  <testcase name="GDGTGIS_1637_TC_01_1419_VerifyCreateBookmarkAndNavigateBookmarkedLocation" time="112.198" classname="com.pge.application.test.GDGTGIS_1636_TC_01_1419_VerifyCreateBookmarkAndNavigateBookmarkedLocation_Test"/>
  <system-out/>
</testsuite> <!-- com.pge.application.test.GDGTGIS_1636_TC_01_1419_VerifyCreateBookmarkAndNavigateBookmarkedLocation_Test -->
