<?xml version="1.0" encoding="UTF-8"?>
<!-- Generated by org.testng.reporters.JUnitReportReporter -->
<testsuite skipped="0" hostname="VPEG01B004455" name="com.pge.application.test.TAMI_DetailSearch_Airports_Test" tests="1" failures="0" timestamp="2024-01-25T22:12:26 IST" time="246.964" errors="0">
  <testcase name="functionalTest" time="246.964" classname="com.pge.application.test.TAMI_DetailSearch_Airports_Test"/>
  <system-out/>
</testsuite> <!-- com.pge.application.test.TAMI_DetailSearch_Airports_Test -->
