<?xml version="1.0" encoding="UTF-8"?>
<!-- Generated by org.testng.reporters.JUnitReportReporter -->
<testsuite skipped="0" hostname="VPEG01B004455" name="com.pge.application.test.TAMI_QuickSearch_ElectricOutagesPolygon_Test" tests="1" failures="0" timestamp="2024-01-07T13:36:00 IST" time="180.552" errors="0">
  <testcase name="functionalTest" time="180.552" classname="com.pge.application.test.TAMI_QuickSearch_ElectricOutagesPolygon_Test"/>
  <system-out/>
</testsuite> <!-- com.pge.application.test.TAMI_QuickSearch_ElectricOutagesPolygon_Test -->
