<?xml version="1.0" encoding="UTF-8"?>
<!-- Generated by org.testng.reporters.JUnitReportReporter -->
<testsuite skipped="0" hostname="VPEG01B004455" name="com.pge.application.test.TAMI_QuickSearch_IncidentOpen_Test" tests="1" failures="0" timestamp="2023-05-24T20:29:53 IST" time="203.404" errors="0">
  <testcase name="functionalTest" time="203.404" classname="com.pge.application.test.TAMI_QuickSearch_IncidentOpen_Test"/>
  <system-out/>
</testsuite> <!-- com.pge.application.test.TAMI_QuickSearch_IncidentOpen_Test -->
