<?xml version="1.0" encoding="UTF-8"?>
<!-- Generated by org.testng.reporters.JUnitReportReporter -->
<testsuite skipped="0" hostname="VPEG01B004455" name="com.pge.application.test.TAMI_Tools_Street_Test" tests="1" failures="0" timestamp="2023-10-18T13:05:46 IST" time="93.191" errors="0">
  <testcase name="functionalTest" time="93.191" classname="com.pge.application.test.TAMI_Tools_Street_Test"/>
  <system-out/>
</testsuite> <!-- com.pge.application.test.TAMI_Tools_Street_Test -->
