<?xml version="1.0" encoding="UTF-8"?>
<!-- Generated by org.testng.reporters.JUnitReportReporter -->
<testsuite skipped="0" hostname="VPEG01B004455" name="com.pge.application.test.TAMI_QuickSearch_Grade1LeaksActive_Test" tests="1" failures="0" timestamp="2024-01-18T20:57:32 IST" time="121.565" errors="0">
  <testcase name="functionalTest" time="121.565" classname="com.pge.application.test.TAMI_QuickSearch_Grade1LeaksActive_Test"/>
  <system-out/>
</testsuite> <!-- com.pge.application.test.TAMI_QuickSearch_Grade1LeaksActive_Test -->
