<?xml version="1.0" encoding="UTF-8"?>
<!-- Generated by org.testng.reporters.JUnitReportReporter -->
<testsuite skipped="0" hostname="VPEG01B004455" name="com.pge.application.test.GDGTGIS_1507_TC_01_694_Func_CREATEUPDATETOCUILayers_Test" tests="1" failures="0" timestamp="2022-12-16T20:18:11 IST" time="64.606" errors="0">
  <testcase name="FunctionalTest" time="64.606" classname="com.pge.application.test.GDGTGIS_1507_TC_01_694_Func_CREATEUPDATETOCUILayers_Test"/>
  <system-out/>
</testsuite> <!-- com.pge.application.test.GDGTGIS_1507_TC_01_694_Func_CREATEUPDATETOCUILayers_Test -->
