<?xml version="1.0" encoding="UTF-8"?>
<!-- Generated by org.testng.reporters.JUnitReportReporter -->
<testsuite skipped="0" hostname="VPEG01B004455" name="com.pge.application.test.TAMI_LayerValidation_DivisionBoundaries_Test" tests="1" failures="0" timestamp="2023-08-01T16:40:23 IST" time="194.503" errors="0">
  <testcase name="functionalTest" time="194.503" classname="com.pge.application.test.TAMI_LayerValidation_DivisionBoundaries_Test"/>
  <system-out/>
</testsuite> <!-- com.pge.application.test.TAMI_LayerValidation_DivisionBoundaries_Test -->
