<?xml version="1.0" encoding="UTF-8"?>
<!-- Generated by org.testng.reporters.JUnitReportReporter -->
<testsuite skipped="0" hostname="VPEG01B004455" name="com.pge.application.test.GDGTGIS_1254_TC_01_262_VerifyMapPanWithClick_Test" tests="1" failures="0" timestamp="2022-09-16T20:21:01 IST" time="61.665" errors="0">
  <testcase name="TC_01_262_VerifyMapPanWithClick" time="61.665" classname="com.pge.application.test.GDGTGIS_1254_TC_01_262_VerifyMapPanWithClick_Test"/>
  <system-out/>
</testsuite> <!-- com.pge.application.test.GDGTGIS_1254_TC_01_262_VerifyMapPanWithClick_Test -->
