<?xml version="1.0" encoding="UTF-8"?>
<!-- Generated by org.testng.reporters.JUnitReportReporter -->
<testsuite skipped="0" hostname="VPEG01B004455" name="com.pge.application.test.TAMI_QuickSearch_VIIRS24Hrs_Test" tests="1" failures="0" timestamp="2023-07-07T16:06:57 IST" time="274.652" errors="0">
  <testcase name="functionalTest" time="274.652" classname="com.pge.application.test.TAMI_QuickSearch_VIIRS24Hrs_Test"/>
  <system-out/>
</testsuite> <!-- com.pge.application.test.TAMI_QuickSearch_VIIRS24Hrs_Test -->
