<?xml version="1.0" encoding="UTF-8"?>
<!-- Generated by org.testng.reporters.JUnitReportReporter -->
<testsuite skipped="0" hostname="VPEG01B004455" name="com.pge.application.test.GDGTGIS_1391_TC_01_969_FuncMeasureToolsAreaButtonValidation_Test" tests="1" failures="0" timestamp="2022-12-16T19:38:40 IST" time="162.676" errors="0">
  <testcase name="FuncMeasureToolsAreaButtonValidation" time="162.676" classname="com.pge.application.test.GDGTGIS_1391_TC_01_969_FuncMeasureToolsAreaButtonValidation_Test"/>
  <system-out/>
</testsuite> <!-- com.pge.application.test.GDGTGIS_1391_TC_01_969_FuncMeasureToolsAreaButtonValidation_Test -->
