<?xml version="1.0" encoding="UTF-8"?>
<!-- Generated by org.testng.reporters.JUnitReportReporter -->
<testsuite skipped="0" hostname="VPEG01B004455" name="com.pge.application.test.GDGTGIS_1532_TC_01_1054_FuncNavigationControlPaneFullExtent_Test" tests="1" failures="0" timestamp="2022-10-06T19:26:46 IST" time="57.908" errors="0">
  <testcase name="FuncNavigationControlPanePreviousExtent_Test" time="57.908" classname="com.pge.application.test.GDGTGIS_1532_TC_01_1054_FuncNavigationControlPaneFullExtent_Test"/>
  <system-out/>
</testsuite> <!-- com.pge.application.test.GDGTGIS_1532_TC_01_1054_FuncNavigationControlPaneFullExtent_Test -->
