<?xml version="1.0" encoding="UTF-8"?>
<!-- Generated by org.testng.reporters.JUnitReportReporter -->
<testsuite skipped="0" hostname="VPEG01B004455" name="com.pge.application.test.GDGTGIS_1738_TC_01_976_Func_VerifySaveAsMapCorrectionDocumentandDataValidationGasMapCorrectionFunctionality_Test" tests="1" failures="0" timestamp="2022-10-28T21:53:45 IST" time="138.302" errors="0">
  <testcase name="FunctionalTest" time="138.302" classname="com.pge.application.test.GDGTGIS_1738_TC_01_976_Func_VerifySaveAsMapCorrectionDocumentandDataValidationGasMapCorrectionFunctionality_Test"/>
  <system-out/>
</testsuite> <!-- com.pge.application.test.GDGTGIS_1738_TC_01_976_Func_VerifySaveAsMapCorrectionDocumentandDataValidationGasMapCorrectionFunctionality_Test -->
