<?xml version="1.0" encoding="UTF-8"?>
<!-- Generated by org.testng.reporters.JUnitReportReporter -->
<testsuite skipped="0" hostname="VPEG01B004455" name="com.pge.application.test.TAMI_LayerValidation_GTClearanceFlagsActivePoints_Test" tests="1" failures="0" timestamp="2024-02-07T11:40:59 IST" time="231.204" errors="0">
  <testcase name="functionalTest" time="231.204" classname="com.pge.application.test.TAMI_LayerValidation_GTClearanceFlagsActivePoints_Test"/>
  <system-out/>
</testsuite> <!-- com.pge.application.test.TAMI_LayerValidation_GTClearanceFlagsActivePoints_Test -->
