<?xml version="1.0" encoding="UTF-8"?>
<!-- Generated by org.testng.reporters.JUnitReportReporter -->
<testsuite skipped="0" hostname="VPEG01B004455" name="com.pge.application.test.GDGTGIS_1674_TC_01_974_Func_MapMarkuptab_MapCorrectionDocument_Test" tests="1" failures="0" timestamp="2022-12-29T15:29:04 IST" time="72.741" errors="0">
  <testcase name="FunctionalTest" time="72.741" classname="com.pge.application.test.GDGTGIS_1674_TC_01_974_Func_MapMarkuptab_MapCorrectionDocument_Test"/>
  <system-out/>
</testsuite> <!-- com.pge.application.test.GDGTGIS_1674_TC_01_974_Func_MapMarkuptab_MapCorrectionDocument_Test -->
