<?xml version="1.0" encoding="UTF-8"?>
<!-- Generated by org.testng.reporters.JUnitReportReporter -->
<testsuite skipped="0" hostname="VPEG01B004455" name="com.pge.application.test.TAMI_QuickSearch_GTAssetsLandslideRiskHistoryPGE_Test" tests="1" failures="0" timestamp="2023-05-23T16:27:54 IST" time="274.041" errors="0">
  <testcase name="functionalTest" time="274.041" classname="com.pge.application.test.TAMI_QuickSearch_GTAssetsLandslideRiskHistoryPGE_Test"/>
  <system-out/>
</testsuite> <!-- com.pge.application.test.TAMI_QuickSearch_GTAssetsLandslideRiskHistoryPGE_Test -->
