<?xml version="1.0" encoding="UTF-8"?>
<!-- Generated by org.testng.reporters.JUnitReportReporter -->
<testsuite skipped="0" hostname="VPEG01B004455" name="com.pge.application.test.TAMI_QuickSearch_GSRsIdle_Test" tests="1" failures="0" timestamp="2024-01-11T18:17:28 IST" time="280.376" errors="0">
  <testcase name="functionalTest" time="280.376" classname="com.pge.application.test.TAMI_QuickSearch_GSRsIdle_Test"/>
  <system-out/>
</testsuite> <!-- com.pge.application.test.TAMI_QuickSearch_GSRsIdle_Test -->
