<?xml version="1.0" encoding="UTF-8"?>
<!-- Generated by org.testng.reporters.JUnitReportReporter -->
<testsuite skipped="0" hostname="VPEG01B004455" name="com.pge.application.test.TAMI_Tool_ClearanceDistribution_Test" tests="1" failures="0" timestamp="2023-10-18T12:52:09 IST" time="217.325" errors="0">
  <testcase name="functionalTest" time="217.325" classname="com.pge.application.test.TAMI_Tool_ClearanceDistribution_Test"/>
  <system-out/>
</testsuite> <!-- com.pge.application.test.TAMI_Tool_ClearanceDistribution_Test -->
