<?xml version="1.0" encoding="UTF-8"?>
<!-- Generated by org.testng.reporters.JUnitReportReporter -->
<testsuite skipped="0" hostname="VPEG01B004455" name="com.pge.application.test.TAMI_QuickSearch_WindDirectionNOAA_Test" tests="1" failures="0" timestamp="2023-07-06T16:32:29 IST" time="260.387" errors="0">
  <testcase name="functionalTest" time="260.387" classname="com.pge.application.test.TAMI_QuickSearch_WindDirectionNOAA_Test"/>
  <system-out/>
</testsuite> <!-- com.pge.application.test.TAMI_QuickSearch_WindDirectionNOAA_Test -->
