<?xml version="1.0" encoding="UTF-8"?>
<!-- Generated by org.testng.reporters.JUnitReportReporter -->
<testsuite skipped="0" hostname="VPEG01B004455" name="com.pge.application.test.TC01_GDGT_HomePage_Test" tests="1" failures="0" timestamp="2022-08-25T12:18:36 IST" time="144.813" errors="0">
  <testcase name="TC01_GDGT_HomePage_test" time="144.813" classname="com.pge.application.test.TC01_GDGT_HomePage_Test"/>
  <system-out/>
</testsuite> <!-- com.pge.application.test.TC01_GDGT_HomePage_Test -->
