<?xml version="1.0" encoding="UTF-8"?>
<!-- Generated by org.testng.reporters.JUnitReportReporter -->
<testsuite skipped="0" hostname="VPEG01B004455" name="com.pge.application.test.TAMI_QuickSearch_StorageWellsPGE_Test" tests="1" failures="0" timestamp="2023-07-07T17:45:34 IST" time="286.240" errors="0">
  <testcase name="functionalTest" time="286.240" classname="com.pge.application.test.TAMI_QuickSearch_StorageWellsPGE_Test"/>
  <system-out/>
</testsuite> <!-- com.pge.application.test.TAMI_QuickSearch_StorageWellsPGE_Test -->
