<?xml version="1.0" encoding="UTF-8"?>
<!-- Generated by org.testng.reporters.JUnitReportReporter -->
<testsuite skipped="0" hostname="VPEG01B004455" name="com.pge.application.test.GDGTGIS_1665_TC_01_1233_Func_MapMarkup_ClearGraphics_Cancelfunction_Test" tests="1" failures="0" timestamp="2022-12-08T20:06:14 IST" time="59.980" errors="0">
  <testcase name="Func_MapMarkup_AddColorPickerFunctionality_Test" time="59.980" classname="com.pge.application.test.GDGTGIS_1665_TC_01_1233_Func_MapMarkup_ClearGraphics_Cancelfunction_Test"/>
  <system-out/>
</testsuite> <!-- com.pge.application.test.GDGTGIS_1665_TC_01_1233_Func_MapMarkup_ClearGraphics_Cancelfunction_Test -->
