<?xml version="1.0" encoding="UTF-8"?>
<!-- Generated by org.testng.reporters.JUnitReportReporter -->
<testsuite skipped="0" hostname="VPEG01B004455" name="com.pge.application.test.GDGTGIS_1638_TC_01_1229_Func_MapMarkupButton_CreateUpdateUI_Test" tests="1" failures="0" timestamp="2022-11-15T19:04:03 IST" time="129.754" errors="0">
  <testcase name="VerifyDeleteBookmark_Test" time="129.754" classname="com.pge.application.test.GDGTGIS_1638_TC_01_1229_Func_MapMarkupButton_CreateUpdateUI_Test"/>
  <system-out/>
</testsuite> <!-- com.pge.application.test.GDGTGIS_1638_TC_01_1229_Func_MapMarkupButton_CreateUpdateUI_Test -->
