<?xml version="1.0" encoding="UTF-8"?>
<!-- Generated by org.testng.reporters.JUnitReportReporter -->
<testsuite skipped="0" hostname="VPEG01B004455" name="com.pge.application.test.TAMI_LayerValidation_EDGIS_Test" tests="1" failures="0" timestamp="2023-08-07T15:45:38 IST" time="253.412" errors="0">
  <testcase name="functionalTest" time="253.412" classname="com.pge.application.test.TAMI_LayerValidation_EDGIS_Test"/>
  <system-out/>
</testsuite> <!-- com.pge.application.test.TAMI_LayerValidation_EDGIS_Test -->
