<?xml version="1.0" encoding="UTF-8"?>
<!-- Generated by org.testng.reporters.JUnitReportReporter -->
<testsuite skipped="0" hostname="VPEG01B004455" name="com.pge.application.test.TAMI_QuickSearch_GDClearanceArchivePolygons_Test" tests="1" failures="0" timestamp="2024-01-08T19:44:53 IST" time="235.922" errors="0">
  <testcase name="functionalTest" time="235.922" classname="com.pge.application.test.TAMI_QuickSearch_GDClearanceArchivePolygons_Test"/>
  <system-out/>
</testsuite> <!-- com.pge.application.test.TAMI_QuickSearch_GDClearanceArchivePolygons_Test -->
