<?xml version="1.0" encoding="UTF-8"?>
<!-- Generated by org.testng.reporters.JUnitReportReporter -->
<testsuite skipped="0" hostname="VPEG01B004455" name="com.pge.application.test.TC02_GDGT_HomePage_Navigation" tests="1" failures="0" timestamp="2022-09-02T18:39:15 IST" time="97.346" errors="0">
  <testcase name="TC02_GDGT_HomePage_navigation" time="97.346" classname="com.pge.application.test.TC02_GDGT_HomePage_Navigation"/>
  <system-out/>
</testsuite> <!-- com.pge.application.test.TC02_GDGT_HomePage_Navigation -->
