<?xml version="1.0" encoding="UTF-8"?>
<!-- Generated by org.testng.reporters.JUnitReportReporter -->
<testsuite skipped="0" hostname="VPEG01B004455" name="com.pge.application.test.TAMI_LayerValidation_EarthquakesShakemap_Test" tests="1" failures="0" timestamp="2024-01-26T21:59:14 IST" time="234.594" errors="0">
  <testcase name="functionalTest" time="234.594" classname="com.pge.application.test.TAMI_LayerValidation_EarthquakesShakemap_Test"/>
  <system-out/>
</testsuite> <!-- com.pge.application.test.TAMI_LayerValidation_EarthquakesShakemap_Test -->
