<?xml version="1.0" encoding="UTF-8"?>
<!-- Generated by org.testng.reporters.JUnitReportReporter -->
<testsuite skipped="0" hostname="VPEG01B004455" name="com.pge.application.test.GDGTGIS_1289_TC_02_693_VerifyDifferentBaseMapView_Test" tests="1" failures="0" timestamp="2022-10-21T20:00:46 IST" time="35.518" errors="0">
  <testcase name="GDGT_HomePage_test" time="35.518" classname="com.pge.application.test.GDGTGIS_1289_TC_02_693_VerifyDifferentBaseMapView_Test"/>
  <system-out/>
</testsuite> <!-- com.pge.application.test.GDGTGIS_1289_TC_02_693_VerifyDifferentBaseMapView_Test -->
