<?xml version="1.0" encoding="UTF-8"?>
<!-- Generated by org.testng.reporters.JUnitReportReporter -->
<testsuite skipped="0" hostname="VPEG01B004455" name="com.pge.application.test.GDGTGIS_1392_TC_02_969_FuncMeasureToolsDistanceButtonValidation_Test" tests="1" failures="0" timestamp="2022-12-16T19:42:38 IST" time="172.922" errors="0">
  <testcase name="FuncMeasureToolsDistanceButtonValidation" time="172.922" classname="com.pge.application.test.GDGTGIS_1392_TC_02_969_FuncMeasureToolsDistanceButtonValidation_Test"/>
  <system-out/>
</testsuite> <!-- com.pge.application.test.GDGTGIS_1392_TC_02_969_FuncMeasureToolsDistanceButtonValidation_Test -->
