<?xml version="1.0" encoding="UTF-8"?>
<!-- Generated by org.testng.reporters.JUnitReportReporter -->
<testsuite skipped="0" hostname="VPEG01B004455" name="com.pge.application.test.TAMI_QuickSearch_HourlyWeatherPGE_Test" tests="1" failures="0" timestamp="2023-06-23T15:14:47 IST" time="207.068" errors="0">
  <testcase name="functionalTest" time="207.068" classname="com.pge.application.test.TAMI_QuickSearch_HourlyWeatherPGE_Test"/>
  <system-out/>
</testsuite> <!-- com.pge.application.test.TAMI_QuickSearch_HourlyWeatherPGE_Test -->
