<?xml version="1.0" encoding="UTF-8"?>
<!-- Generated by org.testng.reporters.JUnitReportReporter -->
<testsuite skipped="0" hostname="VPEG01B004455" name="com.pge.application.test.TAMI_QuickSearch_FieldOrdersIR_Test" tests="1" failures="0" timestamp="2024-01-17T20:11:37 IST" time="220.951" errors="0">
  <testcase name="functionalTest" time="220.951" classname="com.pge.application.test.TAMI_QuickSearch_FieldOrdersIR_Test"/>
  <system-out/>
</testsuite> <!-- com.pge.application.test.TAMI_QuickSearch_FieldOrdersIR_Test -->
