<?xml version="1.0" encoding="UTF-8"?>
<!-- Generated by org.testng.reporters.JUnitReportReporter -->
<testsuite skipped="0" hostname="VPEG01B004455" name="com.pge.application.test.TAMI_QuickSearch_Grade1Leaks_Test" tests="1" failures="0" timestamp="2023-06-26T17:24:37 IST" time="140.870" errors="0">
  <testcase name="functionalTest" time="140.870" classname="com.pge.application.test.TAMI_QuickSearch_Grade1Leaks_Test"/>
  <system-out/>
</testsuite> <!-- com.pge.application.test.TAMI_QuickSearch_Grade1Leaks_Test -->
