<?xml version="1.0" encoding="UTF-8"?>
<!-- Generated by org.testng.reporters.JUnitReportReporter -->
<testsuite skipped="0" hostname="VPEG01B004455" name="com.pge.application.test.TAMI_QuickSearch_FireDangerForecastDay3_Test" tests="1" failures="0" timestamp="2023-05-23T15:10:57 IST" time="250.212" errors="0">
  <testcase name="functionalTest" time="250.212" classname="com.pge.application.test.TAMI_QuickSearch_FireDangerForecastDay3_Test"/>
  <system-out/>
</testsuite> <!-- com.pge.application.test.TAMI_QuickSearch_FireDangerForecastDay3_Test -->
