<?xml version="1.0" encoding="UTF-8"?>
<!-- Generated by org.testng.reporters.JUnitReportReporter -->
<testsuite skipped="0" hostname="VPEG01B004455" name="com.pge.application.test.TAMI_QuickSearch_EarthquakesLast90days_Test" tests="1" failures="0" timestamp="2024-01-17T19:31:08 IST" time="295.328" errors="0">
  <testcase name="functionalTest" time="295.328" classname="com.pge.application.test.TAMI_QuickSearch_EarthquakesLast90days_Test"/>
  <system-out/>
</testsuite> <!-- com.pge.application.test.TAMI_QuickSearch_EarthquakesLast90days_Test -->
