<?xml version="1.0" encoding="UTF-8"?>
<!-- Generated by org.testng.reporters.JUnitReportReporter -->
<testsuite skipped="0" hostname="VPEG01B004455" name="com.pge.application.test.GDGTGIS_1742_TC_01_233_Func_LocatingFeaturesAdvancedSearchImplementDefaultSearch_Test" tests="1" failures="0" timestamp="2022-12-30T12:57:29 IST" time="44.783" errors="0">
  <testcase name="FunctionalTest" time="44.783" classname="com.pge.application.test.GDGTGIS_1742_TC_01_233_Func_LocatingFeaturesAdvancedSearchImplementDefaultSearch_Test"/>
  <system-out/>
</testsuite> <!-- com.pge.application.test.GDGTGIS_1742_TC_01_233_Func_LocatingFeaturesAdvancedSearchImplementDefaultSearch_Test -->
