<?xml version="1.0" encoding="UTF-8"?>
<!-- Generated by org.testng.reporters.JUnitReportReporter -->
<testsuite skipped="0" hostname="VPEG01B004455" name="com.pge.application.test.TAMI_LayerValidation_ElectricOutagesPolygon_Test" tests="1" failures="0" timestamp="2023-08-02T14:20:27 IST" time="227.939" errors="0">
  <testcase name="functionalTest" time="227.939" classname="com.pge.application.test.TAMI_LayerValidation_ElectricOutagesPolygon_Test"/>
  <system-out/>
</testsuite> <!-- com.pge.application.test.TAMI_LayerValidation_ElectricOutagesPolygon_Test -->
